<?xml version="1.0" encoding="UTF-8"?>
<testsuites name="TestSuite1" time="49" tests="2" failures="0" errors="0">
   <testsuite name="TestSuite1" tests="2" failures="0" errors="0" time="49" timestamp="2019-02-18 12:46:56" hostname="TH-Seema - DESKTOP-3ARNFU0" id="Test Suites/TestSuite1">
      <properties>
         <property name="deviceName" value=""/>
         <property name="devicePlatform" value=""/>
         <property name="logFolder" value="C:\\Users\\TH-Seema\\Katalon Studio\\API testing\\Sample Soap API Projet\\Reports\\TestSuite1\\20190218_124648"/>
         <property name="logFiles" value="C:\\Users\\TH-Seema\\Katalon Studio\\API testing\\Sample Soap API Projet\\Reports\\TestSuite1\\20190218_124648\\execution0.log"/>
         <property name="attachments" value=""/>
         <property name="hostName" value="TH-Seema - DESKTOP-3ARNFU0"/>
         <property name="hostAddress" value="192.168.2.30"/>
         <property name="os" value="Windows 10 64bit"/>
         <property name="katalonVersion" value="5.10.1.1"/>
      </properties>
      <testcase name="Test Cases/Test1" classname="Test Cases/Test1" status="PASSED">
         <system-out><![CDATA[2019-02-18 12:46:57 - [TEST_CASE][PASSED] - Test Cases/Test1: Test Cases/Test1

2019-02-18 12:47:01 - [TEST_STEP][PASSED] - sendRequest(findTestObject("Conunty Info Service/GetCountrylist by Name")): Send request successfully

2019-02-18 12:47:19 - [MESSAGE][INFO] - HAR: C:\Users\TH-Seema\Katalon Studio\API testing\Sample Soap API Projet\Reports\TestSuite1\20190218_124648\requests\main\0.har

2019-02-18 12:47:19 - [MESSAGE][PASSED] - Send request successfully

2019-02-18 12:47:19 - [TEST_STEP][PASSED] - sendRequestAndVerify(findTestObject("Conunty Info Service/GetCountrylist by Name")): Send request and verify the response successfully

2019-02-18 12:47:23 - [TEST_CASE][PASSED] - Start Test Case : Verification: Verification accomplished successfully

2019-02-18 12:47:24 - [TEST_STEP][PASSED] - request = getInstance().getCurrentRequest(): null

2019-02-18 12:47:24 - [TEST_STEP][PASSED] - response = getInstance().getCurrentResponse(): null

2019-02-18 12:47:24 - [TEST_STEP][PASSED] - verifyResponseStatusCode(response, 200): Verify response status code successfully

2019-02-18 12:47:24 - [MESSAGE][PASSED] - Verify response status code successfully

2019-02-18 12:47:24 - [TEST_STEP][PASSED] - getStatusCode()).isEqualTo(200): null

2019-02-18 12:47:25 - [TEST_STEP][PASSED] - verifyElementText(response, "ListOfCountryNamesByNameResponse.ListOfCountryNamesByNameResult.tCountryCodeAndName[0].sISOCode", "AX"): Verify element text successfully

2019-02-18 12:47:28 - [MESSAGE][PASSED] - Verify element text successfully

2019-02-18 12:47:28 - [MESSAGE][PASSED] - Verify response successfully

2019-02-18 12:47:28 - [MESSAGE][PASSED] - Send request and verify the response successfully]]></system-out>
         <system-err><![CDATA[]]></system-err>
      </testcase>
      <testcase name="Test Cases/Test2 for API chaining" classname="Test Cases/Test2 for API chaining" status="PASSED">
         <system-out><![CDATA[2019-02-18 12:47:28 - [TEST_CASE][PASSED] - Test Cases/Test2 for API chaining: Test Cases/Test2 for API chaining

2019-02-18 12:47:29 - [TEST_STEP][PASSED] - response1 = sendRequest(findTestObject("Conunty Info Service/GetCountrylist by Name")): Send request successfully

2019-02-18 12:47:40 - [MESSAGE][INFO] - HAR: C:\Users\TH-Seema\Katalon Studio\API testing\Sample Soap API Projet\Reports\TestSuite1\20190218_124648\requests\main\1.har

2019-02-18 12:47:40 - [MESSAGE][PASSED] - Send request successfully

2019-02-18 12:47:40 - [TEST_STEP][PASSED] - xml1 = responseBodyContent: null

2019-02-18 12:47:40 - [TEST_STEP][PASSED] - dataValue = XmlSlurper().parseText(xml1): null

2019-02-18 12:47:40 - [TEST_STEP][PASSED] - countryCode = sISOCode.text(): null

2019-02-18 12:47:40 - [TEST_STEP][PASSED] - countryCode = countryCode: null

2019-02-18 12:47:41 - [TEST_STEP][PASSED] - println("...value for Global variable is :" + countryCode): null

2019-02-18 12:47:41 - [TEST_STEP][PASSED] - sendRequest(findTestObject("Conunty Info Service/GetCapital", ["CountryISOCode":countryCode])): Send request successfully

2019-02-18 12:47:45 - [MESSAGE][INFO] - HAR: C:\Users\TH-Seema\Katalon Studio\API testing\Sample Soap API Projet\Reports\TestSuite1\20190218_124648\requests\main\2.har

2019-02-18 12:47:45 - [MESSAGE][PASSED] - Send request successfully]]></system-out>
         <system-err><![CDATA[]]></system-err>
      </testcase>
      <system-out><![CDATA[2019-02-18 12:46:56 - [TEST_SUITE][PASSED] - TestSuite1: Test Cases/Test2 for API chaining]]></system-out>
      <system-err><![CDATA[]]></system-err>
   </testsuite>
</testsuites>
